[2026-04-02 16:59:37] [INFO    ] musicbot: Bot dừng (Ctrl+C).
[2026-04-02 16:59:54] [INFO    ] musicbot: Đã sync 13 slash command(s).
[2026-04-02 16:59:57] [INFO    ] musicbot: Bot online: Bot Music#4792 (ID: 1292311644092891218)
[2026-04-02 17:00:24] [INFO    ] musicbot: ▶ Đang phát: có những người sống những ngày
[2026-04-02 17:00:31] [INFO    ] musicbot: Bot rời voice tại guild 1292329509223137403
[2026-04-02 17:00:35] [INFO    ] musicbot: Bot dừng (Ctrl+C).
[2026-04-02 23:39:39] [INFO    ] musicbot: Đã sync 13 slash command(s).
[2026-04-02 23:39:42] [INFO    ] musicbot: Bot online: Bot Music#4792 (ID: 1292311644092891218)
[2026-04-02 23:39:55] [INFO    ] musicbot: ▶ Đang phát: HOMQUANOVA
[2026-04-02 23:40:59] [ERROR   ] musicbot: Extract lỗi 'https://open.spotify.com/album/03ZYR4zwCrkSsXTROnK2d0': [0;31mERROR:[0m [DRM] The requested site is known to use DRM protection. It will [0;94mNOT[0m be supported.
       Please [0;31mDO NOT[0m open an issue, unless you have evidence that the video is not DRM protected
[2026-04-02 23:41:51] [INFO    ] musicbot: Fetching: YÊU THƯƠNG LÀ BÃO TỐ - HÙNG QUÂN | MV LYRICS
[2026-04-02 23:41:55] [INFO    ] musicbot: ▶ Đang phát: YÊU THƯƠNG LÀ BÃO TỐ - HÙNG QUÂN | MV LYRICS
[2026-04-02 23:45:58] [INFO    ] musicbot: Fetching: TIẾNG PHÁO TIỄN NGƯỜI - HÙNG QUÂN | OFFICIAL MUSIC VIDEO
[2026-04-02 23:46:01] [INFO    ] musicbot: ▶ Đang phát: TIẾNG PHÁO TIỄN NGƯỜI - HÙNG QUÂN | OFFICIAL MUSIC VIDEO
[2026-04-02 23:46:58] [INFO    ] musicbot: Fetching: LỐI ĐI CHO NHAU - HÙNG QUÂN ( ST: Gold Mk ) - [OFFICIAL MV LYRIC]
[2026-04-02 23:47:01] [INFO    ] musicbot: ▶ Đang phát: LỐI ĐI CHO NHAU - HÙNG QUÂN ( ST: Gold Mk ) - [OFFICIAL MV LYRIC]
[2026-04-02 23:48:13] [INFO    ] musicbot: Fetching: Có tất cả nhưng thiếu em - Erik [Lyrics]
[2026-04-02 23:48:13] [INFO    ] musicbot: Bot rời voice tại guild 1292329509223137403
[2026-04-02 23:48:16] [ERROR   ] musicbot: Lỗi vc.play 'Có tất cả nhưng thiếu em - Erik [Lyrics]': Not connected to voice.
[2026-04-02 23:51:46] [INFO    ] musicbot: Bot dừng (Ctrl+C).
[2026-04-06 15:44:52] [INFO    ] musicbot: Đã sync 13 slash command(s).
[2026-04-06 15:44:56] [INFO    ] musicbot: Bot online: Bot Music#4792 (ID: 1292311644092891218)
[2026-04-06 15:45:09] [INFO    ] musicbot: Bot dừng (Ctrl+C).
